
STAFF_CALL table=1 ts=1779940977
STAFF_CALL table=1 ts=1779941937
ORDER_CREATED id=16 table=1 total=16900 ts=1779949723
STAFF_CALL table=1 ts=1779949729
ORDER_CREATED id=17 table=1 total=29700 ts=1779949754
ORDER_CREATED id=18 table=1 total=9000 ts=1780038715
ORDER_CREATED id=19 table=1 total=25800 ts=1780040185
ORDER_CREATED id=20 table=1 total=13900 ts=1780040196
ORDER_CREATED id=21 table=1 total=14900 ts=1780040264
ORDER_STATUS id=21 status=COOKING ts=1780040268
ORDER_STATUS id=21 status=DONE ts=1780040273
ORDER_STATUS id=21 status=COOKING ts=1780040283
ORDER_STATUS id=21 status=WAITING ts=1780040283
ORDER_CREATED id=22 table=1 total=29700 ts=1780040879
ORDER_STATUS id=22 status=COOKING ts=1780040882
ORDER_STATUS id=22 status=WAITING ts=1780040885
ORDER_STATUS id=22 status=COOKING ts=1780040886
ORDER_STATUS id=22 status=WAITING ts=1780040886
ORDER_STATUS id=22 status=COOKING ts=1780040887
ORDER_STATUS id=22 status=WAITING ts=1780040892
